<?xml version="1.0" encoding="UTF-8"?>
<!-- Generated by org.testng.reporters.JUnitReportReporter -->
<testsuite skipped="0" hostname="DESKTOP-A15AP0F" name="rahulshettyUdemy.ExtentReports.ExtentReportsPhase1" tests="1" failures="0" timestamp="2020-09-13T00:54:48 IST" time="21.849" errors="0">
  <testcase name="InitalDemo" time="21.849" classname="rahulshettyUdemy.ExtentReports.ExtentReportsPhase1"/>
</testsuite> <!-- rahulshettyUdemy.ExtentReports.ExtentReportsPhase1 -->
